
# 2025-10-23 07:59:11.130012
+help

# 2025-10-23 07:59:38.595192
+crf

# 2025-10-23 10:22:09.527879
+echo "ello"

# 2025-10-23 10:31:08.646649
+echo

# 2025-10-23 10:31:12.638554
+echo ello

# 2025-10-23 10:31:15.650032
+exit

# 2025-10-23 10:31:26.811590
+import pygame
+
+# Initialize Pygame
+pygame.init()
+# Board Settings
+# Number of rows and columns (8x8 for checkers)
+ROWS = 8
+# Each square tile is 100px
+TILE_SIZE = 100
+# Total window size (800 x 800)
+WIDTH = HEIGHT = ROWS * TILE_SIZE
+screen = pygame.display.set_mode((WIDTH, HEIGHT))
+pygame.display.set_caption("Penguin Checkers")
+# My colors for the board
+# Dark tile color
+BLUE = (0, 102, 204)
+# Light tile color
+WHITE = (255, 255, 255)
+# Piece colors (circles); pieces only sit on dark tiles
+PIECE_BLUE  = (0, 0, 255)
+PIECE_WHITE = (240, 240, 240)
+# Game Loop Control
+clock = pygame.time.Clock()
+running = True
+# helpers
+def is_dark_square(r, c):
+    return (r + c) % 2 != 0
+# Draws the 8x8 Checkerboard
+def draw_board():
+    """
+    Draws an 8x8 checkerboard on the screen.
+    Alternates between blue and white tiles based on row + column parity.
+    """
+    for row in range(ROWS):
+        for col in range(ROWS):
+            # Choose color: white if even, blue if odd
+            color = WHITE if (row + col) % 2 == 0 else BLUE
+            # Draw each square tile
+            pygame.draw.rect(screen, color,
+                             (col * TILE_SIZE, row * TILE_SIZE, TILE_SIZE, TILE_SIZE))
+def draw_pieces():
+    """Draw all pieces based on the board array."""
+    # a little smaller than the square
+    radius = TILE_SIZE // 2 - 12
+    for r in range(ROWS):
+        for c in range(ROWS):
+            piece = board[r][c]
+            # Draw blue pieces
+            if piece == 1:
+                pygame.draw.circle(
+                    screen, PIECE_BLUE,
+                    # Calculate the center of the current square
+                    (c * TILE_SIZE + TILE_SIZE // 2, r * TILE_SIZE + TILE_SIZE // 2),
+                    radius
+                )
+            # Draw white pieces
+            elif piece == 2:
+                pygame.draw.circle(
+                    screen, PIECE_WHITE,
+                    # Calculate the center of the current square
+                    (c * TILE_SIZE + TILE_SIZE // 2, r * TILE_SIZE + TILE_SIZE // 2),
+                    radius
+                )
+# Create a 2D list (8x8) initialized to 0 to represent empty squares
+board = [[0 for _ in range(ROWS)] for _ in range(ROWS)]
+# Debug print to verify board structure in the console
+print(board)
+# Top three rows: BLUE pieces on dark squares
+for r in range(0, 3):
+    for c in range(ROWS):
+        if is_dark_square(r, c):
+            board[r][c] = 1
+# Bottom three rows: WHITE pieces on dark squares
+for r in range(5, 8):
+    for c in range(ROWS):
+        if is_dark_square(r, c):
+            board[r][c] = 2
+# Main Game Loop
+while running:
+    # Handle events (close window, etc.)
+    for event in pygame.event.get():
+        if event.type == pygame.QUIT:
+            running = False
+    # Draw the board every frame
+    draw_board()
+    #put pieces in default position
+    draw_pieces()
+    # Update the display
+    pygame.display.flip()
+    # Control the frame rate
+    clock.tick(60)
+# Clean up when the game window is closed
+pygame.quit()import pygame
+
+# Initialize Pygame
+pygame.init()
+# Board Settings
+# Number of rows and columns (8x8 for checkers)
+ROWS = 8
+# Each square tile is 100px
+TILE_SIZE = 100
+# Total window size (800 x 800)
+WIDTH = HEIGHT = ROWS * TILE_SIZE
+screen = pygame.display.set_mode((WIDTH, HEIGHT))
+pygame.display.set_caption("Penguin Checkers")
+# My colors for the board
+# Dark tile color
+BLUE = (0, 102, 204)
+# Light tile color
+WHITE = (255, 255, 255)
+# Piece colors (circles); pieces only sit on dark tiles
+PIECE_BLUE  = (0, 0, 255)
+PIECE_WHITE = (240, 240, 240)
+# Game Loop Control
+clock = pygame.time.Clock()
+running = True
+# helpers
+def is_dark_square(r, c):
+    return (r + c) % 2 != 0
+# Draws the 8x8 Checkerboard
+def draw_board():
+    """
+    Draws an 8x8 checkerboard on the screen.
+    Alternates between blue and white tiles based on row + column parity.
+    """
+    for row in range(ROWS):
+        for col in range(ROWS):
+            # Choose color: white if even, blue if odd
+            color = WHITE if (row + col) % 2 == 0 else BLUE
+            # Draw each square tile
+            pygame.draw.rect(screen, color,
+                             (col * TILE_SIZE, row * TILE_SIZE, TILE_SIZE, TILE_SIZE))
+def draw_pieces():
+    """Draw all pieces based on the board array."""
+    # a little smaller than the square
+    radius = TILE_SIZE // 2 - 12
+    for r in range(ROWS):
+        for c in range(ROWS):
+            piece = board[r][c]
+            # Draw blue pieces
+            if piece == 1:
+                pygame.draw.circle(
+                    screen, PIECE_BLUE,
+                    # Calculate the center of the current square
+                    (c * TILE_SIZE + TILE_SIZE // 2, r * TILE_SIZE + TILE_SIZE // 2),
+                    radius
+                )
+            # Draw white pieces
+            elif piece == 2:
+                pygame.draw.circle(
+                    screen, PIECE_WHITE,
+                    # Calculate the center of the current square
+                    (c * TILE_SIZE + TILE_SIZE // 2, r * TILE_SIZE + TILE_SIZE // 2),
+                    radius
+                )
+# Create a 2D list (8x8) initialized to 0 to represent empty squares
+board = [[0 for _ in range(ROWS)] for _ in range(ROWS)]
+# Debug print to verify board structure in the console
+print(board)
+# Top three rows: BLUE pieces on dark squares
+for r in range(0, 3):
+    for c in range(ROWS):
+        if is_dark_square(r, c):
+            board[r][c] = 1
+# Bottom three rows: WHITE pieces on dark squares
+for r in range(5, 8):
+    for c in range(ROWS):
+        if is_dark_square(r, c):
+            board[r][c] = 2
+# Main Game Loop
+while running:
+    # Handle events (close window, etc.)
+    for event in pygame.event.get():
+        if event.type == pygame.QUIT:
+            running = False
+    # Draw the board every frame
+    draw_board()
+    #put pieces in default position
+    draw_pieces()
+    # Update the display
+    pygame.display.flip()
+    # Control the frame rate
+    clock.tick(60)
+# Clean up when the game window is closed
+pygame.quit()

# 2025-10-23 10:31:51.549671
+run repl.py

# 2025-10-23 10:32:02.758273
+echo ello

# 2025-10-23 10:32:45.114858
+cd Downloads

# 2025-10-23 10:32:47.280536
+cd

# 2025-10-23 10:32:53.926830
+ls

# 2025-10-23 10:33:27.718267
+cd C:\Users\dmwat\Downloads

# 2025-10-23 10:33:43.558872
+cd C:\Users

# 2025-10-23 10:34:36.246135
+cd C:\users

# 2025-10-23 10:34:43.390088
+cd Users

# 2025-10-23 10:34:47.272033
+cd \Users

# 2025-10-23 10:35:45.347646
+ cd C:\Users\dmwat\Downloads

# 2025-10-23 10:40:57.342138
+cd cd_parser = subparsers.add_parser("cd", help="Change directory")
+cd_parser.add_argument(
+    "path",
+    nargs="?",  # makes it optional
+    default=os.path.expanduser("~"),  # default to home directory
+    help="Path to change to"
+)
+cd_parser.set_defaults(func=commands.change_directory)cd cd_parser = subparsers.add_parser("cd", help="Change directory")
+cd_parser.add_argument(
+    "path",
+    nargs="?",  # makes it optional
+    default=os.path.expanduser("~"),  # default to home directory
+    help="Path to change to"
+)
+cd_parser.set_defaults(func=commands.change_directory)cd C:\Users\dmwat\Downloads

# 2025-10-23 10:41:01.508526
+ls

# 2025-10-23 10:41:12.251548
+cd C:\Users\dmwat\Downloads

# 2025-10-23 10:42:32.542519
+quit

# 2025-10-23 10:43:24.883471
+exit

# 2025-10-23 10:43:35.805425
+python repl.py

# 2025-10-23 10:43:51.821038
+ cd

# 2025-10-23 11:09:38.323570
+ exit

# 2025-10-23 11:10:03.481445
+exit

# 2025-10-23 11:14:13.885523
+pwd 

# 2025-10-23 11:15:27.453422
+ cat README.md

# 2025-10-23 11:16:37.088754
+run script

# 2025-10-23 11:16:44.146490
+script

# 2025-10-23 11:17:01.539640
+script_file = script

# 2025-10-23 11:18:35.461790
+exit

# 2025-10-23 11:19:01.999360
+script.txt

# 2025-10-23 11:22:40.350816
+exit

# 2025-10-23 11:23:32.316488
+run script.txt

# 2025-10-23 11:23:54.546969
+exit

# 2025-10-23 11:26:15.519464
+echo ello

# 2025-11-05 11:33:47.870179
+ls

# 2025-11-05 11:34:07.058982
+sleep 10

# 2025-11-06 00:40:23.221393
+echo 1; echo 2; echo 3

# 2025-11-06 00:41:33.903455
+echo 1; echo 2; echo 3l

# 2025-11-15 18:13:01.439427
+alias ll= "ls -l"

# 2025-11-15 18:14:38.830396
+alias ll="ls -l"

# 2025-11-15 18:18:55.210770
+py repl.py

# 2025-11-15 18:18:59.790158
+repl.py

# 2025-11-15 18:26:01.151382
+run show_fork_demo.mysh

# 2025-11-15 19:10:45.159036
+py repl.py

# 2025-11-15 19:11:08.782159
+run show_fork_demo.mysh

# 2025-11-15 19:17:28.201127
+exit

# 2025-11-15 19:17:33.509642
+py repl.py

# 2025-11-15 19:17:41.116609
+run show_fork_demo.mysh

# 2025-11-15 19:18:29.158449
+py repl.py

# 2025-11-15 19:18:31.007460
+run show_fork_demo.mysh

# 2025-11-16 01:48:54.652369
+py repl.py

# 2025-11-16 01:48:56.800385
+run show_fork_demo.mysh

# 2025-11-16 01:49:38.419877
+exit

# 2025-11-16 01:50:10.114784
+run show_fork_demo.mysh

# 2025-11-16 01:57:41.684250
+sleep 5 & jobs

# 2025-11-16 02:14:25.705683
+run full_shell_validator.mysh

# 2025-11-16 02:15:08.352114
+Running shell validation tests...     

# 2025-11-16 02:15:08.409166
+ > shell_test_results.txt             

# 2025-11-16 02:15:08.456209
+TEST 1: echo >> shell_test_results.txt

# 2025-11-16 02:15:08.513261
+[WinError 2] The system cannot find the file specified

# 2025-11-16 02:15:08.960628
+parse error: No closing quotation   

# 2025-11-16 02:15:09.066725
+PASS: echo >> shell_test_results.txt

# 2025-11-16 02:15:09.175824
+[WinError 2] The system cannot find the file specified

# 2025-11-16 02:15:09.297935
+FAIL: echo __STATUS_127__ >> shell_test_results.txt

# 2025-11-16 02:15:09.352987
+[WinError 2] The system cannot find the file specified

# 2025-11-16 02:15:09.408036
+TEST 2: pwd >> shell_test_results.txt

# 2025-11-16 02:15:09.462086
+C:\Users\stail\PycharmProjects\operating-systems-group-project

# 2025-11-16 02:15:09.478101
+[WinError 2] The system cannot find the file specified

# 2025-11-16 02:15:09.530147
+parse error: No closing quotation

# 2025-11-16 02:15:09.577611
+PASS: pwd >> shell_test_results.txt

# 2025-11-16 02:15:09.629659
+[WinError 2] The system cannot find the file specified

# 2025-11-16 02:15:09.685611
+FAIL: pwd empty output >> shell_test_results.txt

# 2025-11-16 02:15:09.739659
+[WinError 2] The system cannot find the file specified

# 2025-11-16 02:15:09.795618
+TEST 3: mkdir/rm >> shell_test_results.txt

# 2025-11-16 02:15:09.845664
+Directory 'validator_tmp' created!

# 2025-11-16 02:15:09.892616
+parse error: No closing quotation

# 2025-11-16 02:15:10.747595
+usage: my-shell [-h] {ls,cd,pwd,echo,cp,mv,rm,mkdir,crf,run,cat,head,tail,alias,unalias,export,sleep,jobs,ps,fg,bg,stop,kill} ...

# 2025-11-16 02:15:10.982533
+my-shell: error: unrecognized arguments: -rf

# 2025-11-16 02:15:11.032578
+PASS: mkdir/rm >> shell_test_results.txt

# 2025-11-16 02:15:11.083619
+[WinError 2] The system cannot find the file specified

# 2025-11-16 02:15:11.136667
+FAIL: mkdir/rm >> shell_test_results.txt

# 2025-11-16 02:15:11.187622
+[WinError 2] The system cannot find the file specified

# 2025-11-16 02:15:11.241671
+TEST 4: redirection >> shell_test_results.txt

# 2025-11-16 02:15:11.288714
+abc > redir_test.txt

# 2025-11-16 02:15:11.337759
+[WinError 2] The system cannot find the file specified

# 2025-11-16 02:15:11.450862
+[WinError 2] The system cannot find the file specified: 'redir_test.txt'

# 2025-11-16 02:15:11.503910
+parse error: No closing quotation

# 2025-11-16 02:15:11.552955
+PASS: redirection >> shell_test_results.txt

# 2025-11-16 02:15:11.604002
+[WinError 2] The system cannot find the file specified

# 2025-11-16 02:15:11.714102
+FAIL: redirection __STATUS_127__ >> shell_test_results.txt

# 2025-11-16 02:15:11.766149
+[WinError 2] The system cannot find the file specified

# 2025-11-16 02:15:11.822200
+TEST 5: pipeline echo | cat >> shell_test_results.txt

# 2025-11-16 02:15:12.266605
+[WinError 2] The system cannot find the file specified

# 2025-11-16 02:15:12.438762
+parse error: No closing quotation

# 2025-11-16 02:15:12.487806
+PASS: pipeline >> shell_test_results.txt

# 2025-11-16 02:15:12.540855
+[WinError 2] The system cannot find the file specified

# 2025-11-16 02:15:12.649954
+FAIL: pipeline __STATUS_127__ >> shell_test_results.txt

# 2025-11-16 02:15:12.703003
+[WinError 2] The system cannot find the file specified

# 2025-11-16 02:15:12.757052
+TEST 6: alias/unalias >> shell_test_results.txt

# 2025-11-16 02:15:12.805096
+Alias set: hi='echo aliased'

# 2025-11-16 02:15:12.855141
+[WinError 2] The system cannot find the file specified

# 2025-11-16 02:15:12.958235
+Alias removed: hi

# 2025-11-16 02:15:13.004277
+parse error: No closing quotation

# 2025-11-16 02:15:13.053321
+PASS: alias >> shell_test_results.txt

# 2025-11-16 02:15:13.103367
+[WinError 2] The system cannot find the file specified

# 2025-11-16 02:15:13.211465
+FAIL: alias __STATUS_127__ >> shell_test_results.txt

# 2025-11-16 02:15:13.263513
+[WinError 2] The system cannot find the file specified

# 2025-11-16 02:15:13.334578
+TEST 7: export vars >> shell_test_results.txt

# 2025-11-16 02:15:13.633850
+Exported VTEST=OK!

# 2025-11-16 02:15:13.681894
+[WinError 2] The system cannot find the file specified

# 2025-11-16 02:15:13.792995
+parse error: No closing quotation

# 2025-11-16 02:15:13.842040
+PASS: export >> shell_test_results.txt

# 2025-11-16 02:15:13.893086
+[WinError 2] The system cannot find the file specified

# 2025-11-16 02:15:14.003186
+FAIL: export __STATUS_127__ >> shell_test_results.txt

# 2025-11-16 02:15:14.056235
+[WinError 2] The system cannot find the file specified

# 2025-11-16 02:15:14.110284
+TEST 8: background jobs >> shell_test_results.txt

# 2025-11-16 02:15:14.154324
+[1] 11556

# 2025-11-16 02:15:14.200366
+[1] 11556 finished

# 2025-11-16 02:15:14.247409
+[WinError 2] The system cannot find the file specified

# 2025-11-16 02:15:14.353506
+parse error: No closing quotation

# 2025-11-16 02:15:14.405553
+[WinError 2] The system cannot find the file specified

# 2025-11-16 02:15:14.458601
+PASS: jobs __STATUS_127__ >> shell_test_results.txt

# 2025-11-16 02:15:14.510648
+[WinError 2] The system cannot find the file specified

# 2025-11-16 02:15:14.732851
+FAIL: jobs __STATUS_127__ >> shell_test_results.txt

# 2025-11-16 02:15:15.059148
+[WinError 2] The system cannot find the file specified

# 2025-11-16 02:15:15.111196
+TEST 9: fg >> shell_test_results.txt

# 2025-11-16 02:15:15.155236
+[3] 28692

# 2025-11-16 02:15:15.201277
+[WinError 2] The system cannot find the file specified

# 2025-11-16 02:15:15.365427
+PASS: fg __STATUS_127__ >> shell_test_results.txt

# 2025-11-16 02:15:15.415472
+TEST 10: cp/mv >> shell_test_results.txt

# 2025-11-16 02:15:15.459513
+x > a.txt

# 2025-11-16 02:15:15.505554
+[Errno 2] No such file or directory: 'a.txt'

# 2025-11-16 02:15:15.557602
+[Errno 2] No such file or directory: 'b.txt'

# 2025-11-16 02:15:15.607648
+parse error: No closing quotation

# 2025-11-16 02:15:15.656692
+PASS: cp/mv >> shell_test_results.txt

# 2025-11-16 02:15:15.707738
+[WinError 2] The system cannot find the file specified

# 2025-11-16 02:15:15.759786
+FAIL: cp/mv >> shell_test_results.txt

# 2025-11-16 02:15:15.810832
+[WinError 2] The system cannot find the file specified

# 2025-11-16 02:15:15.866883
+[WinError 2] The system cannot find the file specified: 'a.txt'

# 2025-11-16 02:15:15.924936
+[WinError 2] The system cannot find the file specified: 'c.txt'

# 2025-11-16 02:15:15.979986
+TEST 11: head/tail >> shell_test_results.txt

# 2025-11-16 02:15:16.196183
+1\n2\n3\n4\n5 > ht.txt

# 2025-11-16 02:15:16.244227
+[WinError 2] The system cannot find the file specified

# 2025-11-16 02:15:16.464428
+[WinError 2] The system cannot find the file specified: 'ht.txt'

# 2025-11-16 02:15:16.518477
+parse error: No closing quotation

# 2025-11-16 02:15:16.566521
+PASS: head/tail >> shell_test_results.txt

# 2025-11-16 02:15:16.616566
+[WinError 2] The system cannot find the file specified

# 2025-11-16 02:15:16.728668
+FAIL: head/tail __STATUS_127__ >> shell_test_results.txt

# 2025-11-16 02:15:16.779715
+[WinError 2] The system cannot find the file specified

# 2025-11-16 02:15:16.832763
+TEST 12: ps >> shell_test_results.txt

# 2025-11-16 02:15:16.886812
+28692   running C:\Python310\python.exe -c import time; time.sleep(5.0)

# 2025-11-16 02:15:16.917840
+[WinError 2] The system cannot find the file specified

# 2025-11-16 02:15:16.969888
+parse error: No closing quotation

# 2025-11-16 02:15:17.016931
+PASS: ps >> shell_test_results.txt

# 2025-11-16 02:15:17.068978
+[WinError 2] The system cannot find the file specified

# 2025-11-16 02:15:17.123028
+FAIL: ps returned nothing >> shell_test_results.txt

# 2025-11-16 02:15:17.200097
+[WinError 2] The system cannot find the file specified

# 2025-11-16 02:15:17.635521
+TEST 13: kill >> shell_test_results.txt

# 2025-11-16 02:15:17.679561
+[5] 19564

# 2025-11-16 02:15:17.720599
+No such job 1

# 2025-11-16 02:15:17.780654
+[3] pid=28692 running start=02:14:30 end=- :: C:\Python310\python.exe -c import time; time.sleep(5.0)

# 2025-11-16 02:15:17.820018
+[5] pid=19564 running start=02:14:31 end=- :: C:\Python310\python.exe -c import time; time.sleep(30.0)

# 2025-11-16 02:15:17.852047
+[WinError 2] The system cannot find the file specified

# 2025-11-16 02:15:17.904094
+parse error: No closing quotation

# 2025-11-16 02:15:17.952138
+PASS: kill >> shell_test_results.txt

# 2025-11-16 02:15:18.004185
+[WinError 2] The system cannot find the file specified

# 2025-11-16 02:15:18.113285
+FAIL: kill __STATUS_127__ >> shell_test_results.txt

# 2025-11-16 02:15:18.165332
+[WinError 2] The system cannot find the file specified

# 2025-11-16 02:15:18.219381
+==============================

# 2025-11-16 02:15:18.262421
+ SHELL VALIDATION COMPLETE

# 2025-11-16 02:15:18.305964
+ See shell_test_results.txt

# 2025-11-16 02:15:18.350004
+==============================

# 2025-11-16 02:15:18.398047
+[Errno 2] No such file or directory: 'shell_test_results.txt'

# 2025-11-16 02:15:18.450097
+Running shell validation tests...     

# 2025-11-16 02:15:18.503146
+ > shell_test_results.txt             

# 2025-11-16 02:15:18.546186
+TEST 1: echo >> shell_test_results.txt

# 2025-11-16 02:15:18.596231
+[WinError 2] The system cannot find the file specified

# 2025-11-16 02:15:18.756379
+parse error: No closing quotation   

# 2025-11-16 02:15:18.804826
+PASS: echo >> shell_test_results.txt

# 2025-11-16 02:15:18.855872
+[WinError 2] The system cannot find the file specified

# 2025-11-16 02:15:18.965973
+FAIL: echo __STATUS_127__ >> shell_test_results.txt

# 2025-11-16 02:15:19.018020
+[WinError 2] The system cannot find the file specified

# 2025-11-16 02:15:19.071068
+TEST 2: pwd >> shell_test_results.txt

# 2025-11-16 02:15:19.122115
+C:\Users\stail\PycharmProjects\operating-systems-group-project

# 2025-11-16 02:15:19.137129
+[WinError 2] The system cannot find the file specified

# 2025-11-16 02:15:19.188175
+parse error: No closing quotation

# 2025-11-16 02:15:19.235218
+PASS: pwd >> shell_test_results.txt

# 2025-11-16 02:15:19.286265
+[WinError 2] The system cannot find the file specified

# 2025-11-16 02:15:19.340314
+FAIL: pwd empty output >> shell_test_results.txt

# 2025-11-16 02:15:19.393362
+[WinError 2] The system cannot find the file specified

# 2025-11-16 02:15:19.661606
+TEST 3: mkdir/rm >> shell_test_results.txt

# 2025-11-16 02:15:19.813745
+Directory 'validator_tmp' created!

# 2025-11-16 02:15:19.860788
+parse error: No closing quotation

# 2025-11-16 02:15:19.922844
+usage: my-shell [-h] {ls,cd,pwd,echo,cp,mv,rm,mkdir,crf,run,cat,head,tail,alias,unalias,export,sleep,jobs,ps,fg,bg,stop,kill} ...

# 2025-11-16 02:15:19.976894
+my-shell: error: unrecognized arguments: -rf

# 2025-11-16 02:15:20.027940
+PASS: mkdir/rm >> shell_test_results.txt

# 2025-11-16 02:15:20.078988
+[WinError 2] The system cannot find the file specified

# 2025-11-16 02:15:20.132036
+FAIL: mkdir/rm >> shell_test_results.txt

# 2025-11-16 02:15:20.183084
+[WinError 2] The system cannot find the file specified

# 2025-11-16 02:15:20.237133
+TEST 4: redirection >> shell_test_results.txt

# 2025-11-16 02:15:20.282060
+abc > redir_test.txt

# 2025-11-16 02:15:20.331105
+[WinError 2] The system cannot find the file specified

# 2025-11-16 02:15:20.444209
+[WinError 2] The system cannot find the file specified: 'redir_test.txt'

# 2025-11-16 02:15:20.496669
+parse error: No closing quotation

# 2025-11-16 02:15:20.544713
+PASS: redirection >> shell_test_results.txt

# 2025-11-16 02:15:20.595665
+[WinError 2] The system cannot find the file specified

# 2025-11-16 02:15:21.023644
+FAIL: redirection __STATUS_127__ >> shell_test_results.txt

# 2025-11-16 02:15:21.194643
+[WinError 2] The system cannot find the file specified

# 2025-11-16 02:15:21.248689
+TEST 5: pipeline echo | cat >> shell_test_results.txt

# 2025-11-16 02:15:21.283721
+[WinError 2] The system cannot find the file specified

# 2025-11-16 02:15:21.443686
+parse error: No closing quotation

# 2025-11-16 02:15:21.491730
+PASS: pipeline >> shell_test_results.txt

# 2025-11-16 02:15:21.542710
+[WinError 2] The system cannot find the file specified

# 2025-11-16 02:15:21.652695
+FAIL: pipeline __STATUS_127__ >> shell_test_results.txt

# 2025-11-16 02:15:21.703644
+[WinError 2] The system cannot find the file specified

# 2025-11-16 02:15:21.757694
+TEST 6: alias/unalias >> shell_test_results.txt

# 2025-11-16 02:15:21.803653
+Alias set: hi='echo aliased'

# 2025-11-16 02:15:21.853698
+[WinError 2] The system cannot find the file specified

# 2025-11-16 02:15:21.956711
+Alias removed: hi

# 2025-11-16 02:15:22.002662
+parse error: No closing quotation

# 2025-11-16 02:15:22.052701
+PASS: alias >> shell_test_results.txt

# 2025-11-16 02:15:22.103748
+[WinError 2] The system cannot find the file specified

# 2025-11-16 02:15:22.619682
+FAIL: alias __STATUS_127__ >> shell_test_results.txt

# 2025-11-16 02:15:22.671730
+[WinError 2] The system cannot find the file specified

# 2025-11-16 02:15:22.726723
+TEST 7: export vars >> shell_test_results.txt

# 2025-11-16 02:15:22.772765
+Exported VTEST=OK!

# 2025-11-16 02:15:22.819809
+[WinError 2] The system cannot find the file specified

# 2025-11-16 02:15:22.927691
+parse error: No closing quotation

# 2025-11-16 02:15:22.975734
+PASS: export >> shell_test_results.txt

# 2025-11-16 02:15:23.027712
+[WinError 2] The system cannot find the file specified

# 2025-11-16 02:15:23.135700
+FAIL: export __STATUS_127__ >> shell_test_results.txt

# 2025-11-16 02:15:23.188750
+[WinError 2] The system cannot find the file specified

# 2025-11-16 02:15:23.241799
+TEST 8: background jobs >> shell_test_results.txt

# 2025-11-16 02:15:23.287664
+[1] 11556

# 2025-11-16 02:15:23.332705
+[1] 11556 finished

# 2025-11-16 02:15:23.380749
+[WinError 2] The system cannot find the file specified

# 2025-11-16 02:15:23.485758
+parse error: No closing quotation

# 2025-11-16 02:15:23.535804
+[WinError 2] The system cannot find the file specified

# 2025-11-16 02:15:23.606666
+PASS: jobs __STATUS_127__ >> shell_test_results.txt

# 2025-11-16 02:15:23.976691
+[WinError 2] The system cannot find the file specified

# 2025-11-16 02:15:24.086715
+FAIL: jobs __STATUS_127__ >> shell_test_results.txt

# 2025-11-16 02:15:24.138762
+[WinError 2] The system cannot find the file specified

# 2025-11-16 02:15:24.191691
+TEST 9: fg >> shell_test_results.txt

# 2025-11-16 02:15:24.235731
+[3] 28692

# 2025-11-16 02:15:24.282777
+[WinError 2] The system cannot find the file specified

# 2025-11-16 02:15:24.447928
+PASS: fg __STATUS_127__ >> shell_test_results.txt

# 2025-11-16 02:15:24.497974
+TEST 10: cp/mv >> shell_test_results.txt

# 2025-11-16 02:15:24.542014
+x > a.txt

# 2025-11-16 02:15:24.589057
+[Errno 2] No such file or directory: 'a.txt'

# 2025-11-16 02:15:24.641104
+[Errno 2] No such file or directory: 'b.txt'

# 2025-11-16 02:15:24.691150
+parse error: No closing quotation

# 2025-11-16 02:15:24.740195
+PASS: cp/mv >> shell_test_results.txt

# 2025-11-16 02:15:24.790240
+[WinError 2] The system cannot find the file specified

# 2025-11-16 02:15:24.841287
+FAIL: cp/mv >> shell_test_results.txt

# 2025-11-16 02:15:24.891332
+[WinError 2] The system cannot find the file specified

# 2025-11-16 02:15:24.965400
+[WinError 2] The system cannot find the file specified: 'a.txt'

# 2025-11-16 02:15:25.394791
+[WinError 2] The system cannot find the file specified: 'c.txt'

# 2025-11-16 02:15:25.449841
+TEST 11: head/tail >> shell_test_results.txt

# 2025-11-16 02:15:25.495883
+1\n2\n3\n4\n5 > ht.txt

# 2025-11-16 02:15:25.548931
+[WinError 2] The system cannot find the file specified

# 2025-11-16 02:15:25.777139
+[WinError 2] The system cannot find the file specified: 'ht.txt'

# 2025-11-16 02:15:25.830187
+parse error: No closing quotation

# 2025-11-16 02:15:25.879232
+PASS: head/tail >> shell_test_results.txt

# 2025-11-16 02:15:25.930278
+[WinError 2] The system cannot find the file specified

# 2025-11-16 02:15:26.040378
+FAIL: head/tail __STATUS_127__ >> shell_test_results.txt

# 2025-11-16 02:15:26.091425
+[WinError 2] The system cannot find the file specified

# 2025-11-16 02:15:26.143472
+TEST 12: ps >> shell_test_results.txt

# 2025-11-16 02:15:26.195520
+28692   running C:\Python310\python.exe -c import time; time.sleep(5.0)

# 2025-11-16 02:15:26.241562
+[WinError 2] The system cannot find the file specified

# 2025-11-16 02:15:26.342654
+parse error: No closing quotation

# 2025-11-16 02:15:26.607896
+PASS: ps >> shell_test_results.txt

# 2025-11-16 02:15:26.660944
+[WinError 2] The system cannot find the file specified

# 2025-11-16 02:15:26.714993
+FAIL: ps returned nothing >> shell_test_results.txt

# 2025-11-16 02:15:26.769042
+[WinError 2] The system cannot find the file specified

# 2025-11-16 02:15:26.821089
+TEST 13: kill >> shell_test_results.txt

# 2025-11-16 02:15:26.864129
+[5] 19564

# 2025-11-16 02:15:26.903164
+No such job 1

# 2025-11-16 02:15:26.959215
+[3] pid=28692 running start=02:14:30 end=- :: C:\Python310\python.exe -c import time; time.sleep(5.0)

# 2025-11-16 02:15:26.998250
+[5] pid=19564 running start=02:14:31 end=- :: C:\Python310\python.exe -c import time; time.sleep(30.0)

# 2025-11-16 02:15:27.030280
+[WinError 2] The system cannot find the file specified

# 2025-11-16 02:15:27.081326
+parse error: No closing quotation

# 2025-11-16 02:15:27.130371
+PASS: kill >> shell_test_results.txt

# 2025-11-16 02:15:27.180417
+[WinError 2] The system cannot find the file specified

# 2025-11-16 02:15:27.288515
+FAIL: kill __STATUS_127__ >> shell_test_results.txt

# 2025-11-16 02:15:27.340562
+[WinError 2] The system cannot find the file specified

# 2025-11-16 02:15:27.395613
+==============================

# 2025-11-16 02:15:27.441655
+ SHELL VALIDATION COMPLETE

# 2025-11-16 02:15:27.505713
+ See shell_test_results.txt

# 2025-11-16 02:15:55.712680
+echo "hello" >t.txt

# 2025-11-16 02:16:03.888192
+echo "hello" >t.txt cat t.txt

# 2025-11-16 02:16:13.231998
+cat t.txt

# 2025-11-16 02:16:46.623456
+echo "hello" > t.txt & cat t.txt

# 2025-11-16 02:17:03.175492
+echo "hello" > t.txt

# 2025-11-16 02:17:03.331140
+cat t.txt

# 2025-11-16 02:17:27.925378
+echo hello

# 2025-11-16 02:18:16.872952
+echo hello > t.txt

# 2025-11-16 02:18:21.540977
+cat t.txt

# 2025-11-16 02:18:35.661383
+sleep 1 &

# 2025-11-16 02:18:37.370064
+jobs

# 2025-11-16 02:18:50.464055
+sleep 10 &

# 2025-11-16 02:18:51.944144
+jobs

# 2025-11-16 02:30:15.129386
+run full_shell_validator.mysh

# 2025-11-16 10:30:07.751644
+run repl.py
